mode: atomic
github.com/MrJc01/crompressor-sinapse/cmd/sinapse/infer.go:12.32,19.55 2 0
github.com/MrJc01/crompressor-sinapse/cmd/sinapse/infer.go:19.55,36.36 11 0
github.com/MrJc01/crompressor-sinapse/cmd/sinapse/infer.go:36.36,45.5 5 0
github.com/MrJc01/crompressor-sinapse/cmd/sinapse/infer.go:47.4,47.14 1 0
github.com/MrJc01/crompressor-sinapse/cmd/sinapse/infer.go:51.2,52.12 2 0
github.com/MrJc01/crompressor-sinapse/cmd/sinapse/infer.go:55.77,60.38 4 0
github.com/MrJc01/crompressor-sinapse/cmd/sinapse/infer.go:60.38,63.3 2 0
github.com/MrJc01/crompressor-sinapse/cmd/sinapse/infer.go:66.46,67.20 1 0
github.com/MrJc01/crompressor-sinapse/cmd/sinapse/infer.go:67.20,69.3 1 0
github.com/MrJc01/crompressor-sinapse/cmd/sinapse/infer.go:70.2,70.10 1 0
github.com/MrJc01/crompressor-sinapse/cmd/sinapse/main.go:28.13,51.42 11 0
github.com/MrJc01/crompressor-sinapse/cmd/sinapse/main.go:51.42,53.3 1 0
github.com/MrJc01/crompressor-sinapse/cmd/sinapse/main.go:58.35,62.55 1 0
github.com/MrJc01/crompressor-sinapse/cmd/sinapse/main.go:62.55,64.19 2 0
github.com/MrJc01/crompressor-sinapse/cmd/sinapse/main.go:64.19,66.5 1 0
github.com/MrJc01/crompressor-sinapse/cmd/sinapse/main.go:68.4,71.18 3 0
github.com/MrJc01/crompressor-sinapse/cmd/sinapse/main.go:71.18,73.5 1 0
github.com/MrJc01/crompressor-sinapse/cmd/sinapse/main.go:75.4,75.20 1 0
github.com/MrJc01/crompressor-sinapse/cmd/sinapse/main.go:75.20,77.19 2 0
github.com/MrJc01/crompressor-sinapse/cmd/sinapse/main.go:77.19,79.6 1 0
github.com/MrJc01/crompressor-sinapse/cmd/sinapse/main.go:80.5,80.39 1 0
github.com/MrJc01/crompressor-sinapse/cmd/sinapse/main.go:80.39,84.6 2 0
github.com/MrJc01/crompressor-sinapse/cmd/sinapse/main.go:85.10,87.19 2 0
github.com/MrJc01/crompressor-sinapse/cmd/sinapse/main.go:87.19,89.6 1 0
github.com/MrJc01/crompressor-sinapse/cmd/sinapse/main.go:90.5,95.65 4 0
github.com/MrJc01/crompressor-sinapse/cmd/sinapse/main.go:98.4,98.14 1 0
github.com/MrJc01/crompressor-sinapse/cmd/sinapse/main.go:102.2,107.12 5 0
github.com/MrJc01/crompressor-sinapse/cmd/sinapse/main.go:112.34,116.55 1 0
github.com/MrJc01/crompressor-sinapse/cmd/sinapse/main.go:116.55,118.19 2 0
github.com/MrJc01/crompressor-sinapse/cmd/sinapse/main.go:118.19,120.5 1 0
github.com/MrJc01/crompressor-sinapse/cmd/sinapse/main.go:122.4,124.18 3 0
github.com/MrJc01/crompressor-sinapse/cmd/sinapse/main.go:124.18,126.5 1 0
github.com/MrJc01/crompressor-sinapse/cmd/sinapse/main.go:129.4,130.18 2 0
github.com/MrJc01/crompressor-sinapse/cmd/sinapse/main.go:131.26,132.40 1 0
github.com/MrJc01/crompressor-sinapse/cmd/sinapse/main.go:133.16,135.19 2 0
github.com/MrJc01/crompressor-sinapse/cmd/sinapse/main.go:135.19,137.6 1 0
github.com/MrJc01/crompressor-sinapse/cmd/sinapse/main.go:138.12,139.40 1 0
github.com/MrJc01/crompressor-sinapse/cmd/sinapse/main.go:143.4,143.20 1 0
github.com/MrJc01/crompressor-sinapse/cmd/sinapse/main.go:143.20,144.67 1 0
github.com/MrJc01/crompressor-sinapse/cmd/sinapse/main.go:144.67,146.6 1 0
github.com/MrJc01/crompressor-sinapse/cmd/sinapse/main.go:147.5,147.56 1 0
github.com/MrJc01/crompressor-sinapse/cmd/sinapse/main.go:148.10,150.5 1 0
github.com/MrJc01/crompressor-sinapse/cmd/sinapse/main.go:152.4,152.14 1 0
github.com/MrJc01/crompressor-sinapse/cmd/sinapse/main.go:156.2,161.12 5 0
github.com/MrJc01/crompressor-sinapse/cmd/sinapse/main.go:166.33,170.55 1 0
github.com/MrJc01/crompressor-sinapse/cmd/sinapse/main.go:170.55,172.24 2 0
github.com/MrJc01/crompressor-sinapse/cmd/sinapse/main.go:172.24,174.5 1 0
github.com/MrJc01/crompressor-sinapse/cmd/sinapse/main.go:176.4,177.18 2 0
github.com/MrJc01/crompressor-sinapse/cmd/sinapse/main.go:177.18,179.5 1 0
github.com/MrJc01/crompressor-sinapse/cmd/sinapse/main.go:181.4,182.30 2 0
github.com/MrJc01/crompressor-sinapse/cmd/sinapse/main.go:182.30,183.19 1 0
github.com/MrJc01/crompressor-sinapse/cmd/sinapse/main.go:183.19,186.6 2 0
github.com/MrJc01/crompressor-sinapse/cmd/sinapse/main.go:189.4,189.14 1 0
github.com/MrJc01/crompressor-sinapse/cmd/sinapse/main.go:193.2,195.12 2 0
github.com/MrJc01/crompressor-sinapse/cmd/sinapse/main.go:200.28,206.2 1 0
github.com/MrJc01/crompressor-sinapse/cmd/sinapse/main.go:208.33,209.9 1 0
github.com/MrJc01/crompressor-sinapse/cmd/sinapse/main.go:210.22,211.56 1 0
github.com/MrJc01/crompressor-sinapse/cmd/sinapse/main.go:212.17,213.49 1 0
github.com/MrJc01/crompressor-sinapse/cmd/sinapse/main.go:214.10,215.32 1 0
github.com/MrJc01/crompressor-sinapse/cmd/sinapse/serve.go:11.32,18.55 3 0
github.com/MrJc01/crompressor-sinapse/cmd/sinapse/serve.go:18.55,23.41 3 0
github.com/MrJc01/crompressor-sinapse/cmd/sinapse/serve.go:23.41,25.5 1 0
github.com/MrJc01/crompressor-sinapse/cmd/sinapse/serve.go:26.4,26.14 1 0
github.com/MrJc01/crompressor-sinapse/cmd/sinapse/serve.go:30.2,33.12 3 0
github.com/MrJc01/crompressor-sinapse/cmd/sinapse/train.go:12.32,19.55 3 0
github.com/MrJc01/crompressor-sinapse/cmd/sinapse/train.go:19.55,47.4 18 0
github.com/MrJc01/crompressor-sinapse/cmd/sinapse/train.go:50.2,53.12 3 0
github.com/MrJc01/crompressor-sinapse/internal/analyzer/analyzer.go:42.69,44.16 2 4
github.com/MrJc01/crompressor-sinapse/internal/analyzer/analyzer.go:44.16,46.3 1 0
github.com/MrJc01/crompressor-sinapse/internal/analyzer/analyzer.go:48.2,49.16 2 4
github.com/MrJc01/crompressor-sinapse/internal/analyzer/analyzer.go:49.16,51.3 1 0
github.com/MrJc01/crompressor-sinapse/internal/analyzer/analyzer.go:53.2,64.8 2 4
github.com/MrJc01/crompressor-sinapse/internal/analyzer/analyzer.go:69.66,73.16 3 1
github.com/MrJc01/crompressor-sinapse/internal/analyzer/analyzer.go:73.16,75.3 1 0
github.com/MrJc01/crompressor-sinapse/internal/analyzer/analyzer.go:77.2,83.32 3 1
github.com/MrJc01/crompressor-sinapse/internal/analyzer/analyzer.go:83.32,84.20 1 3
github.com/MrJc01/crompressor-sinapse/internal/analyzer/analyzer.go:84.20,85.12 1 0
github.com/MrJc01/crompressor-sinapse/internal/analyzer/analyzer.go:88.3,92.17 3 3
github.com/MrJc01/crompressor-sinapse/internal/analyzer/analyzer.go:92.17,93.12 1 0
github.com/MrJc01/crompressor-sinapse/internal/analyzer/analyzer.go:97.3,98.17 2 3
github.com/MrJc01/crompressor-sinapse/internal/analyzer/analyzer.go:98.17,99.12 1 0
github.com/MrJc01/crompressor-sinapse/internal/analyzer/analyzer.go:101.3,106.39 5 3
github.com/MrJc01/crompressor-sinapse/internal/analyzer/analyzer.go:110.2,115.28 5 1
github.com/MrJc01/crompressor-sinapse/internal/analyzer/analyzer.go:115.28,118.3 2 1
github.com/MrJc01/crompressor-sinapse/internal/analyzer/analyzer.go:120.2,120.20 1 1
github.com/MrJc01/crompressor-sinapse/internal/codebook/codebook.go:35.22,39.2 1 5
github.com/MrJc01/crompressor-sinapse/internal/codebook/codebook.go:42.50,46.53 3 13
github.com/MrJc01/crompressor-sinapse/internal/codebook/codebook.go:46.53,50.3 3 4
github.com/MrJc01/crompressor-sinapse/internal/codebook/codebook.go:52.2,58.13 3 9
github.com/MrJc01/crompressor-sinapse/internal/codebook/codebook.go:62.56,67.12 4 0
github.com/MrJc01/crompressor-sinapse/internal/codebook/codebook.go:67.12,75.3 7 0
github.com/MrJc01/crompressor-sinapse/internal/codebook/codebook.go:76.2,76.19 1 0
github.com/MrJc01/crompressor-sinapse/internal/codebook/codebook.go:80.55,82.27 2 2
github.com/MrJc01/crompressor-sinapse/internal/codebook/codebook.go:82.27,83.19 1 9
github.com/MrJc01/crompressor-sinapse/internal/codebook/codebook.go:83.19,85.4 1 6
github.com/MrJc01/crompressor-sinapse/internal/codebook/codebook.go:87.2,87.17 1 2
github.com/MrJc01/crompressor-sinapse/internal/codebook/codebook.go:91.35,97.15 5 2
github.com/MrJc01/crompressor-sinapse/internal/codebook/codebook.go:97.15,99.3 1 1
github.com/MrJc01/crompressor-sinapse/internal/codebook/codebook.go:101.2,106.3 1 2
github.com/MrJc01/crompressor-sinapse/internal/codebook/codebook.go:110.31,114.2 3 4
github.com/MrJc01/crompressor-sinapse/internal/codebook/codebook.go:117.29,123.2 5 1
github.com/MrJc01/crompressor-sinapse/internal/cdc/rabin.go:33.36,37.2 3 12
github.com/MrJc01/crompressor-sinapse/internal/cdc/rabin.go:40.36,41.27 1 12
github.com/MrJc01/crompressor-sinapse/internal/cdc/rabin.go:41.27,43.35 2 3072
github.com/MrJc01/crompressor-sinapse/internal/cdc/rabin.go:43.35,45.4 1 147456
github.com/MrJc01/crompressor-sinapse/internal/cdc/rabin.go:46.3,46.20 1 3072
github.com/MrJc01/crompressor-sinapse/internal/cdc/rabin.go:52.43,54.27 1 14700
github.com/MrJc01/crompressor-sinapse/internal/cdc/rabin.go:54.27,57.3 2 4875
github.com/MrJc01/crompressor-sinapse/internal/cdc/rabin.go:60.2,68.15 6 14700
github.com/MrJc01/crompressor-sinapse/internal/cdc/rabin.go:72.31,76.26 4 200
github.com/MrJc01/crompressor-sinapse/internal/cdc/rabin.go:76.26,78.3 1 9600
github.com/MrJc01/crompressor-sinapse/internal/cdc/rabin.go:82.37,84.2 1 1
github.com/MrJc01/crompressor-sinapse/internal/cdc/rabin.go:90.36,94.2 3 206
github.com/MrJc01/crompressor-sinapse/internal/cdc/rabin.go:102.48,104.2 1 11505
github.com/MrJc01/crompressor-sinapse/internal/cdc/rabin.go:108.41,109.18 1 7
github.com/MrJc01/crompressor-sinapse/internal/cdc/rabin.go:109.18,111.3 1 0
github.com/MrJc01/crompressor-sinapse/internal/cdc/rabin.go:113.2,114.11 2 7
github.com/MrJc01/crompressor-sinapse/internal/cdc/rabin.go:114.11,116.3 1 0
github.com/MrJc01/crompressor-sinapse/internal/cdc/rabin.go:117.2,117.21 1 7
github.com/MrJc01/crompressor-sinapse/internal/cdc/tokenizer.go:26.31,32.2 1 3
github.com/MrJc01/crompressor-sinapse/internal/cdc/tokenizer.go:39.50,40.20 1 9
github.com/MrJc01/crompressor-sinapse/internal/cdc/tokenizer.go:40.20,42.3 1 2
github.com/MrJc01/crompressor-sinapse/internal/cdc/tokenizer.go:44.2,44.23 1 7
github.com/MrJc01/crompressor-sinapse/internal/cdc/tokenizer.go:44.23,46.3 1 0
github.com/MrJc01/crompressor-sinapse/internal/cdc/tokenizer.go:47.2,47.23 1 7
github.com/MrJc01/crompressor-sinapse/internal/cdc/tokenizer.go:47.23,49.3 1 0
github.com/MrJc01/crompressor-sinapse/internal/cdc/tokenizer.go:50.2,50.23 1 7
github.com/MrJc01/crompressor-sinapse/internal/cdc/tokenizer.go:50.23,52.3 1 0
github.com/MrJc01/crompressor-sinapse/internal/cdc/tokenizer.go:54.2,60.33 5 7
github.com/MrJc01/crompressor-sinapse/internal/cdc/tokenizer.go:60.33,70.30 5 14554
github.com/MrJc01/crompressor-sinapse/internal/cdc/tokenizer.go:70.30,80.4 4 199
github.com/MrJc01/crompressor-sinapse/internal/cdc/tokenizer.go:84.2,84.23 1 7
github.com/MrJc01/crompressor-sinapse/internal/cdc/tokenizer.go:84.23,92.3 2 7
github.com/MrJc01/crompressor-sinapse/internal/cdc/tokenizer.go:94.2,94.15 1 7
github.com/MrJc01/crompressor-sinapse/internal/cdc/tokenizer.go:98.63,100.16 2 0
github.com/MrJc01/crompressor-sinapse/internal/cdc/tokenizer.go:100.16,102.3 1 0
github.com/MrJc01/crompressor-sinapse/internal/cdc/tokenizer.go:103.2,103.34 1 0
github.com/MrJc01/crompressor-sinapse/internal/cdc/tokenizer.go:107.72,109.16 2 0
github.com/MrJc01/crompressor-sinapse/internal/cdc/tokenizer.go:109.16,111.3 1 0
github.com/MrJc01/crompressor-sinapse/internal/cdc/tokenizer.go:113.2,114.32 2 0
github.com/MrJc01/crompressor-sinapse/internal/cdc/tokenizer.go:114.32,115.20 1 0
github.com/MrJc01/crompressor-sinapse/internal/cdc/tokenizer.go:115.20,116.12 1 0
github.com/MrJc01/crompressor-sinapse/internal/cdc/tokenizer.go:118.3,120.17 3 0
github.com/MrJc01/crompressor-sinapse/internal/cdc/tokenizer.go:120.17,121.12 1 0
github.com/MrJc01/crompressor-sinapse/internal/cdc/tokenizer.go:123.3,123.33 1 0
github.com/MrJc01/crompressor-sinapse/internal/cdc/tokenizer.go:126.2,126.21 1 0
github.com/MrJc01/crompressor-sinapse/internal/cdc/tokenizer.go:143.42,144.22 1 1
github.com/MrJc01/crompressor-sinapse/internal/cdc/tokenizer.go:144.22,146.3 1 0
github.com/MrJc01/crompressor-sinapse/internal/cdc/tokenizer.go:148.2,153.27 5 1
github.com/MrJc01/crompressor-sinapse/internal/cdc/tokenizer.go:153.27,156.23 3 101
github.com/MrJc01/crompressor-sinapse/internal/cdc/tokenizer.go:156.23,158.4 1 2
github.com/MrJc01/crompressor-sinapse/internal/cdc/tokenizer.go:159.3,159.23 1 101
github.com/MrJc01/crompressor-sinapse/internal/cdc/tokenizer.go:159.23,161.4 1 1
github.com/MrJc01/crompressor-sinapse/internal/cdc/tokenizer.go:164.2,166.21 3 1
github.com/MrJc01/crompressor-sinapse/internal/cdc/tokenizer.go:166.21,168.3 1 1
github.com/MrJc01/crompressor-sinapse/internal/cdc/tokenizer.go:170.2,178.3 1 1
github.com/MrJc01/crompressor-sinapse/internal/daemon/server.go:36.66,50.2 4 3
github.com/MrJc01/crompressor-sinapse/internal/daemon/server.go:53.42,56.2 2 3
github.com/MrJc01/crompressor-sinapse/internal/daemon/server.go:58.78,61.2 2 1
github.com/MrJc01/crompressor-sinapse/internal/daemon/server.go:63.83,65.65 2 2
github.com/MrJc01/crompressor-sinapse/internal/daemon/server.go:65.65,68.3 2 0
github.com/MrJc01/crompressor-sinapse/internal/daemon/server.go:70.2,70.26 1 2
github.com/MrJc01/crompressor-sinapse/internal/daemon/server.go:70.26,73.3 2 1
github.com/MrJc01/crompressor-sinapse/internal/daemon/server.go:76.2,77.16 2 1
github.com/MrJc01/crompressor-sinapse/internal/daemon/server.go:77.16,85.3 2 1
github.com/MrJc01/crompressor-sinapse/internal/daemon/server.go:87.2,95.33 3 1
github.com/MrJc01/crompressor-sinapse/internal/daemon/server.go:99.39,104.2 4 0
github.com/MrJc01/crompressor-sinapse/internal/report/report.go:17.50,44.2 21 1
github.com/MrJc01/crompressor-sinapse/internal/report/report.go:49.50,82.22 26 1
github.com/MrJc01/crompressor-sinapse/internal/report/report.go:82.22,86.29 4 1
github.com/MrJc01/crompressor-sinapse/internal/report/report.go:86.29,90.4 1 3
github.com/MrJc01/crompressor-sinapse/internal/report/report.go:91.3,91.22 1 1
github.com/MrJc01/crompressor-sinapse/internal/report/report.go:95.2,114.19 17 1
github.com/MrJc01/crompressor-sinapse/internal/report/report.go:120.55,122.16 2 1
github.com/MrJc01/crompressor-sinapse/internal/report/report.go:122.16,124.3 1 0
github.com/MrJc01/crompressor-sinapse/internal/report/report.go:125.2,125.26 1 1
github.com/MrJc01/crompressor-sinapse/internal/report/report.go:130.41,131.21 1 1
github.com/MrJc01/crompressor-sinapse/internal/report/report.go:131.21,133.3 1 0
github.com/MrJc01/crompressor-sinapse/internal/report/report.go:134.2,135.77 2 1
github.com/MrJc01/crompressor-sinapse/internal/report/report.go:138.34,144.9 2 5
github.com/MrJc01/crompressor-sinapse/internal/report/report.go:145.15,146.56 1 0
github.com/MrJc01/crompressor-sinapse/internal/report/report.go:147.15,148.56 1 0
github.com/MrJc01/crompressor-sinapse/internal/report/report.go:149.15,150.56 1 5
github.com/MrJc01/crompressor-sinapse/internal/report/report.go:151.10,152.32 1 0
github.com/MrJc01/crompressor-sinapse/internal/neural/codebook.go:25.55,28.33 2 1
github.com/MrJc01/crompressor-sinapse/internal/neural/codebook.go:28.33,32.3 1 1
github.com/MrJc01/crompressor-sinapse/internal/neural/codebook.go:34.2,37.3 1 1
github.com/MrJc01/crompressor-sinapse/internal/neural/codebook.go:41.42,43.2 1 3
github.com/MrJc01/crompressor-sinapse/internal/neural/codebook.go:46.48,48.28 2 1
github.com/MrJc01/crompressor-sinapse/internal/neural/codebook.go:48.28,52.3 2 4096
github.com/MrJc01/crompressor-sinapse/internal/neural/codebook.go:53.2,53.10 1 1
github.com/MrJc01/crompressor-sinapse/internal/neural/delta.go:16.57,18.35 2 1
github.com/MrJc01/crompressor-sinapse/internal/neural/delta.go:18.35,20.3 1 623
github.com/MrJc01/crompressor-sinapse/internal/neural/delta.go:21.2,21.16 1 1
github.com/MrJc01/crompressor-sinapse/internal/neural/delta.go:31.30,35.2 1 2
github.com/MrJc01/crompressor-sinapse/internal/neural/delta.go:39.71,44.47 2 2
github.com/MrJc01/crompressor-sinapse/internal/neural/delta.go:44.47,52.43 4 2
github.com/MrJc01/crompressor-sinapse/internal/neural/delta.go:52.43,53.45 1 1
github.com/MrJc01/crompressor-sinapse/internal/neural/delta.go:53.45,58.5 1 623
github.com/MrJc01/crompressor-sinapse/internal/neural/delta.go:62.2,62.19 1 2
github.com/MrJc01/crompressor-sinapse/internal/neural/delta.go:66.82,68.32 2 0
github.com/MrJc01/crompressor-sinapse/internal/neural/delta.go:68.32,70.3 1 0
github.com/MrJc01/crompressor-sinapse/internal/neural/delta.go:72.2,72.51 1 0
github.com/MrJc01/crompressor-sinapse/internal/neural/trainer.go:24.71,29.2 1 1
github.com/MrJc01/crompressor-sinapse/internal/neural/trainer.go:33.61,40.46 5 1
github.com/MrJc01/crompressor-sinapse/internal/neural/trainer.go:40.46,46.40 4 1
github.com/MrJc01/crompressor-sinapse/internal/neural/trainer.go:46.40,51.40 3 4096
github.com/MrJc01/crompressor-sinapse/internal/neural/trainer.go:51.40,58.27 5 623
github.com/MrJc01/crompressor-sinapse/internal/neural/trainer.go:58.27,60.6 1 10
github.com/MrJc01/crompressor-sinapse/internal/neural/trainer.go:61.5,63.27 2 623
github.com/MrJc01/crompressor-sinapse/internal/neural/trainer.go:67.3,67.32 1 1
github.com/MrJc01/crompressor-sinapse/internal/neural/trainer.go:67.32,72.4 1 1
github.com/MrJc01/crompressor-sinapse/internal/neural/trainer.go:75.2,83.23 3 1
github.com/MrJc01/crompressor-sinapse/internal/inference/cache.go:31.56,32.19 1 3
github.com/MrJc01/crompressor-sinapse/internal/inference/cache.go:32.19,34.3 1 0
github.com/MrJc01/crompressor-sinapse/internal/inference/cache.go:35.2,39.3 1 3
github.com/MrJc01/crompressor-sinapse/internal/inference/cache.go:43.62,48.35 3 11
github.com/MrJc01/crompressor-sinapse/internal/inference/cache.go:48.35,52.3 3 0
github.com/MrJc01/crompressor-sinapse/internal/inference/cache.go:55.2,55.33 1 11
github.com/MrJc01/crompressor-sinapse/internal/inference/cache.go:55.33,57.3 1 1
github.com/MrJc01/crompressor-sinapse/internal/inference/cache.go:59.2,65.22 3 11
github.com/MrJc01/crompressor-sinapse/internal/inference/cache.go:69.62,72.9 3 109
github.com/MrJc01/crompressor-sinapse/internal/inference/cache.go:72.9,76.3 3 8
github.com/MrJc01/crompressor-sinapse/internal/inference/cache.go:77.2,85.46 6 101
github.com/MrJc01/crompressor-sinapse/internal/inference/cache.go:88.41,90.17 2 1
github.com/MrJc01/crompressor-sinapse/internal/inference/cache.go:90.17,93.3 2 1
github.com/MrJc01/crompressor-sinapse/internal/inference/cache.go:97.59,101.2 3 1
github.com/MrJc01/crompressor-sinapse/internal/inference/cache.go:104.35,111.2 6 0
github.com/MrJc01/crompressor-sinapse/internal/inference/llamacpp.go:43.75,51.2 1 0
github.com/MrJc01/crompressor-sinapse/internal/inference/llamacpp.go:55.104,62.31 4 0
github.com/MrJc01/crompressor-sinapse/internal/inference/llamacpp.go:62.31,63.46 1 0
github.com/MrJc01/crompressor-sinapse/internal/inference/llamacpp.go:63.46,65.4 1 0
github.com/MrJc01/crompressor-sinapse/internal/inference/llamacpp.go:65.9,69.4 2 0
github.com/MrJc01/crompressor-sinapse/internal/inference/llamacpp.go:72.2,79.16 3 0
github.com/MrJc01/crompressor-sinapse/internal/inference/llamacpp.go:79.16,81.3 1 0
github.com/MrJc01/crompressor-sinapse/internal/inference/llamacpp.go:83.2,84.16 2 0
github.com/MrJc01/crompressor-sinapse/internal/inference/llamacpp.go:84.16,86.3 1 0
github.com/MrJc01/crompressor-sinapse/internal/inference/llamacpp.go:87.2,90.16 3 0
github.com/MrJc01/crompressor-sinapse/internal/inference/llamacpp.go:90.16,92.3 1 0
github.com/MrJc01/crompressor-sinapse/internal/inference/llamacpp.go:93.2,95.41 2 0
github.com/MrJc01/crompressor-sinapse/internal/inference/llamacpp.go:95.41,97.3 1 0
github.com/MrJc01/crompressor-sinapse/internal/inference/llamacpp.go:99.2,101.65 3 0
github.com/MrJc01/crompressor-sinapse/internal/inference/llamacpp.go:101.65,103.3 1 0
github.com/MrJc01/crompressor-sinapse/internal/inference/llamacpp.go:105.2,108.17 3 0
github.com/MrJc01/crompressor-sinapse/internal/inference/wrapper.go:21.83,22.20 1 1
github.com/MrJc01/crompressor-sinapse/internal/inference/wrapper.go:22.20,24.3 1 0
github.com/MrJc01/crompressor-sinapse/internal/inference/wrapper.go:26.2,29.3 1 1
github.com/MrJc01/crompressor-sinapse/internal/inference/wrapper.go:45.91,55.31 4 2
github.com/MrJc01/crompressor-sinapse/internal/inference/wrapper.go:55.31,57.50 1 103
github.com/MrJc01/crompressor-sinapse/internal/inference/wrapper.go:57.50,61.12 3 97
github.com/MrJc01/crompressor-sinapse/internal/inference/wrapper.go:65.3,73.37 5 6
github.com/MrJc01/crompressor-sinapse/internal/inference/wrapper.go:76.2,78.12 2 2
github.com/MrJc01/crompressor-sinapse/internal/inference/wrapper.go:82.65,84.29 2 6
github.com/MrJc01/crompressor-sinapse/internal/inference/wrapper.go:84.29,88.3 2 768
github.com/MrJc01/crompressor-sinapse/internal/inference/wrapper.go:89.2,89.10 1 6
